#! /usr/local/bin/vvp
:ivl_version "12.0 (devel)" "(s20150603-1017-g1bb355a9)";
:ivl_delay_selection "TYPICAL";
:vpi_time_precision + 0;
:vpi_module "/usr/local/lib/ivl/system.vpi";
:vpi_module "/usr/local/lib/ivl/vhdl_sys.vpi";
:vpi_module "/usr/local/lib/ivl/vhdl_textio.vpi";
:vpi_module "/usr/local/lib/ivl/v2005_math.vpi";
:vpi_module "/usr/local/lib/ivl/va_math.vpi";
S_0x555f7936c100 .scope module, "hazard" "hazard" 2 1;
 .timescale 0 0;
    .port_info 0 /INPUT 5 "id_rs1";
    .port_info 1 /INPUT 5 "id_rs2";
    .port_info 2 /INPUT 5 "ex_rd";
    .port_info 3 /INPUT 1 "ex_wbsel";
    .port_info 4 /INPUT 1 "ex_regwr";
    .port_info 5 /INPUT 1 "mem_regwr";
    .port_info 6 /INPUT 1 "mem_wbsel";
    .port_info 7 /INPUT 5 "mem_rd";
    .port_info 8 /INPUT 1 "wb_regwr";
    .port_info 9 /INPUT 1 "wb_wbsel";
    .port_info 10 /INPUT 5 "wb_rd";
o0x7f6b39fba018 .functor BUFZ 5, C4<zzzzz>; HiZ drive
v0x555f7936c400_0 .net "ex_rd", 4 0, o0x7f6b39fba018;  0 drivers
o0x7f6b39fba048 .functor BUFZ 1, C4<z>; HiZ drive
v0x555f79399a00_0 .net "ex_regwr", 0 0, o0x7f6b39fba048;  0 drivers
o0x7f6b39fba078 .functor BUFZ 1, C4<z>; HiZ drive
v0x555f79399ac0_0 .net "ex_wbsel", 0 0, o0x7f6b39fba078;  0 drivers
o0x7f6b39fba0a8 .functor BUFZ 5, C4<zzzzz>; HiZ drive
v0x555f79399b60_0 .net "id_rs1", 4 0, o0x7f6b39fba0a8;  0 drivers
o0x7f6b39fba0d8 .functor BUFZ 5, C4<zzzzz>; HiZ drive
v0x555f79399c40_0 .net "id_rs2", 4 0, o0x7f6b39fba0d8;  0 drivers
o0x7f6b39fba108 .functor BUFZ 5, C4<zzzzz>; HiZ drive
v0x555f79399d70_0 .net "mem_rd", 4 0, o0x7f6b39fba108;  0 drivers
o0x7f6b39fba138 .functor BUFZ 1, C4<z>; HiZ drive
v0x555f79399e50_0 .net "mem_regwr", 0 0, o0x7f6b39fba138;  0 drivers
o0x7f6b39fba168 .functor BUFZ 1, C4<z>; HiZ drive
v0x555f79399f10_0 .net "mem_wbsel", 0 0, o0x7f6b39fba168;  0 drivers
v0x555f79399fd0_0 .var "rs1val_cont", 2 0;
v0x555f7939a0b0_0 .var "rs2val_cont", 2 0;
v0x555f7939a190_0 .var "stall", 0 0;
o0x7f6b39fba228 .functor BUFZ 5, C4<zzzzz>; HiZ drive
v0x555f7939a250_0 .net "wb_rd", 4 0, o0x7f6b39fba228;  0 drivers
o0x7f6b39fba258 .functor BUFZ 1, C4<z>; HiZ drive
v0x555f7939a330_0 .net "wb_regwr", 0 0, o0x7f6b39fba258;  0 drivers
o0x7f6b39fba288 .functor BUFZ 1, C4<z>; HiZ drive
v0x555f7939a3f0_0 .net "wb_wbsel", 0 0, o0x7f6b39fba288;  0 drivers
E_0x555f7937b130/0 .event edge, v0x555f79399a00_0, v0x555f79399b60_0, v0x555f7936c400_0, v0x555f79399ac0_0;
E_0x555f7937b130/1 .event edge, v0x555f79399c40_0, v0x555f79399e50_0, v0x555f79399d70_0, v0x555f79399f10_0;
E_0x555f7937b130/2 .event edge, v0x555f7939a330_0, v0x555f7939a3f0_0;
E_0x555f7937b130 .event/or E_0x555f7937b130/0, E_0x555f7937b130/1, E_0x555f7937b130/2;
    .scope S_0x555f7936c100;
T_0 ;
    %wait E_0x555f7937b130;
    %load/vec4 v0x555f79399a00_0;
    %flag_set/vec4 8;
    %jmp/0xz  T_0.0, 8;
    %load/vec4 v0x555f79399b60_0;
    %load/vec4 v0x555f7936c400_0;
    %cmp/e;
    %flag_get/vec4 4;
    %load/vec4 v0x555f79399b60_0;
    %pushi/vec4 0, 0, 5;
    %cmp/ne;
    %flag_get/vec4 4;
    %and;
    %flag_set/vec4 8;
    %jmp/0xz  T_0.2, 8;
    %load/vec4 v0x555f79399ac0_0;
    %pad/u 2;
    %cmpi/e 0, 0, 2;
    %jmp/0xz  T_0.4, 4;
    %pushi/vec4 2, 0, 3;
    %assign/vec4 v0x555f79399fd0_0, 0;
    %pushi/vec4 0, 0, 1;
    %assign/vec4 v0x555f7939a190_0, 0;
T_0.4 ;
    %load/vec4 v0x555f79399ac0_0;
    %pad/u 2;
    %cmpi/e 1, 0, 2;
    %jmp/0xz  T_0.6, 4;
    %pushi/vec4 0, 0, 3;
    %assign/vec4 v0x555f79399fd0_0, 0;
    %pushi/vec4 1, 0, 1;
    %assign/vec4 v0x555f7939a190_0, 0;
T_0.6 ;
    %jmp T_0.3;
T_0.2 ;
    %pushi/vec4 0, 0, 3;
    %assign/vec4 v0x555f7939a0b0_0, 0;
T_0.3 ;
    %load/vec4 v0x555f79399c40_0;
    %load/vec4 v0x555f7936c400_0;
    %cmp/e;
    %flag_get/vec4 4;
    %load/vec4 v0x555f79399b60_0;
    %pushi/vec4 0, 0, 5;
    %cmp/ne;
    %flag_get/vec4 4;
    %and;
    %flag_set/vec4 8;
    %jmp/0xz  T_0.8, 8;
    %load/vec4 v0x555f79399ac0_0;
    %pad/u 2;
    %cmpi/e 0, 0, 2;
    %jmp/0xz  T_0.10, 4;
    %pushi/vec4 2, 0, 3;
    %assign/vec4 v0x555f7939a0b0_0, 0;
    %pushi/vec4 0, 0, 1;
    %assign/vec4 v0x555f7939a190_0, 0;
T_0.10 ;
    %load/vec4 v0x555f79399ac0_0;
    %pad/u 2;
    %cmpi/e 1, 0, 2;
    %jmp/0xz  T_0.12, 4;
    %pushi/vec4 0, 0, 3;
    %assign/vec4 v0x555f7939a0b0_0, 0;
    %pushi/vec4 1, 0, 1;
    %assign/vec4 v0x555f7939a190_0, 0;
T_0.12 ;
    %jmp T_0.9;
T_0.8 ;
    %pushi/vec4 0, 0, 3;
    %assign/vec4 v0x555f7939a0b0_0, 0;
T_0.9 ;
    %jmp T_0.1;
T_0.0 ;
    %load/vec4 v0x555f79399e50_0;
    %flag_set/vec4 8;
    %jmp/0xz  T_0.14, 8;
    %load/vec4 v0x555f79399b60_0;
    %load/vec4 v0x555f79399d70_0;
    %cmp/e;
    %flag_get/vec4 4;
    %load/vec4 v0x555f79399b60_0;
    %pushi/vec4 0, 0, 5;
    %cmp/ne;
    %flag_get/vec4 4;
    %and;
    %flag_set/vec4 8;
    %jmp/0xz  T_0.16, 8;
    %load/vec4 v0x555f79399f10_0;
    %pad/u 2;
    %cmpi/e 0, 0, 2;
    %jmp/0xz  T_0.18, 4;
    %pushi/vec4 4, 0, 3;
    %assign/vec4 v0x555f79399fd0_0, 0;
    %pushi/vec4 0, 0, 1;
    %assign/vec4 v0x555f7939a190_0, 0;
T_0.18 ;
    %load/vec4 v0x555f79399f10_0;
    %pad/u 2;
    %cmpi/e 1, 0, 2;
    %jmp/0xz  T_0.20, 4;
    %pushi/vec4 0, 0, 3;
    %assign/vec4 v0x555f79399fd0_0, 0;
    %pushi/vec4 1, 0, 1;
    %assign/vec4 v0x555f7939a190_0, 0;
T_0.20 ;
    %jmp T_0.17;
T_0.16 ;
    %pushi/vec4 0, 0, 3;
    %assign/vec4 v0x555f79399fd0_0, 0;
T_0.17 ;
    %load/vec4 v0x555f79399c40_0;
    %load/vec4 v0x555f79399d70_0;
    %cmp/e;
    %flag_get/vec4 4;
    %load/vec4 v0x555f79399b60_0;
    %pushi/vec4 0, 0, 5;
    %cmp/ne;
    %flag_get/vec4 4;
    %and;
    %flag_set/vec4 8;
    %jmp/0xz  T_0.22, 8;
    %load/vec4 v0x555f79399f10_0;
    %pad/u 2;
    %cmpi/e 0, 0, 2;
    %jmp/0xz  T_0.24, 4;
T_0.24 ;
    %pushi/vec4 4, 0, 3;
    %assign/vec4 v0x555f79399fd0_0, 0;
    %pushi/vec4 0, 0, 1;
    %assign/vec4 v0x555f7939a190_0, 0;
    %load/vec4 v0x555f79399f10_0;
    %pad/u 2;
    %cmpi/e 1, 0, 2;
    %jmp/0xz  T_0.26, 4;
    %pushi/vec4 0, 0, 3;
    %assign/vec4 v0x555f7939a0b0_0, 0;
    %pushi/vec4 1, 0, 1;
    %assign/vec4 v0x555f7939a190_0, 0;
T_0.26 ;
    %jmp T_0.23;
T_0.22 ;
    %pushi/vec4 0, 0, 3;
    %assign/vec4 v0x555f7939a0b0_0, 0;
T_0.23 ;
    %jmp T_0.15;
T_0.14 ;
    %load/vec4 v0x555f7939a330_0;
    %flag_set/vec4 8;
    %jmp/0xz  T_0.28, 8;
    %load/vec4 v0x555f79399b60_0;
    %load/vec4 v0x555f79399d70_0;
    %cmp/e;
    %jmp/0xz  T_0.30, 4;
    %load/vec4 v0x555f7939a3f0_0;
    %pad/u 2;
    %cmpi/e 0, 0, 2;
    %jmp/0xz  T_0.32, 4;
    %pushi/vec4 6, 0, 3;
    %assign/vec4 v0x555f79399fd0_0, 0;
T_0.32 ;
    %pushi/vec4 0, 0, 1;
    %assign/vec4 v0x555f7939a190_0, 0;
    %load/vec4 v0x555f7939a3f0_0;
    %pad/u 2;
    %cmpi/e 1, 0, 2;
    %jmp/0xz  T_0.34, 4;
    %pushi/vec4 7, 0, 3;
    %assign/vec4 v0x555f79399fd0_0, 0;
T_0.34 ;
    %pushi/vec4 0, 0, 1;
    %assign/vec4 v0x555f7939a190_0, 0;
    %jmp T_0.31;
T_0.30 ;
    %pushi/vec4 0, 0, 3;
    %assign/vec4 v0x555f79399fd0_0, 0;
T_0.31 ;
    %load/vec4 v0x555f79399c40_0;
    %load/vec4 v0x555f79399d70_0;
    %cmp/e;
    %jmp/0xz  T_0.36, 4;
    %load/vec4 v0x555f7939a3f0_0;
    %pad/u 2;
    %cmpi/e 0, 0, 2;
    %jmp/0xz  T_0.38, 4;
    %pushi/vec4 6, 0, 3;
    %assign/vec4 v0x555f7939a0b0_0, 0;
T_0.38 ;
    %pushi/vec4 0, 0, 1;
    %assign/vec4 v0x555f7939a190_0, 0;
    %load/vec4 v0x555f7939a3f0_0;
    %pad/u 2;
    %cmpi/e 1, 0, 2;
    %jmp/0xz  T_0.40, 4;
    %pushi/vec4 7, 0, 3;
    %assign/vec4 v0x555f7939a0b0_0, 0;
T_0.40 ;
    %pushi/vec4 0, 0, 1;
    %assign/vec4 v0x555f7939a190_0, 0;
    %jmp T_0.37;
T_0.36 ;
    %pushi/vec4 0, 0, 3;
    %assign/vec4 v0x555f7939a0b0_0, 0;
T_0.37 ;
    %jmp T_0.29;
T_0.28 ;
    %pushi/vec4 0, 0, 3;
    %store/vec4 v0x555f79399fd0_0, 0, 3;
    %pushi/vec4 0, 0, 3;
    %store/vec4 v0x555f7939a0b0_0, 0, 3;
    %pushi/vec4 0, 0, 1;
    %store/vec4 v0x555f7939a190_0, 0, 1;
T_0.29 ;
T_0.15 ;
T_0.1 ;
    %jmp T_0;
    .thread T_0, $push;
# The file index is used to find the file name in the following table.
:file_names 3;
    "N/A";
    "<interactive>";
    "hazard.v";
